<?xml version="1.0" encoding="UTF-8"?>
<!-- Generated by org.testng.reporters.JUnitXMLReporter -->
<testsuite ignored="1" hostname="MSI" failures="0" tests="3" name="Run Class Annotations" time="0.038" errors="0" timestamp="2024-07-18T17:21:16 EDT">
  <testcase classname="com.testng.linkedin.ConfigurationAnnotations_1_DatePickers" name="test1_BoostrapDatePicker" time="0.007"/>
  <testcase classname="com.testng.linkedin.ConfigurationAnnotations_2_List" name="test1_BoostrapDatePicker" time="0.001"/>
  <testcase classname="com.testng.linkedin.ConfigurationAnnotations_2_List" name="test2_JQueryDatePicker" time="0.001"/>
  <testcase classname="com.testng.linkedin.ConfigurationAnnotations_1_DatePickers" name="test2_JQueryDatePicker" time="0.0">
    <ignored/>
  </testcase> <!-- test2_JQueryDatePicker -->
</testsuite> <!-- Run Class Annotations -->
